app/build/intermediates/manifest_merge_blame_file/debug/manifest-merger-blame-debug-report.txt
1<?xml version="1.0" encoding="utf-8"?>
2<manifest xmlns:android="http://schemas.android.com/apk/res/android"
3    package="com.example.pcstore"
4    android:versionCode="1"
5    android:versionName="1.0" >
6
7    <uses-sdk
8        android:minSdkVersion="21"
8-->src\main\AndroidManifest.xml
9        android:targetSdkVersion="31" />
9-->src\main\AndroidManifest.xml
10
11    <uses-permission android:name="android.permission.INTERNET" />
11-->src\main\AndroidManifest.xml:5:5-67
11-->src\main\AndroidManifest.xml:5:22-64
12
13    <application
13-->src\main\AndroidManifest.xml:7:5-28:19
14        android:allowBackup="true"
14-->src\main\AndroidManifest.xml:8:9-35
15        android:appComponentFactory="androidx.core.app.CoreComponentFactory"
15-->[androidx.core:core:1.7.0] AndroidManifest.xml:24:18-86
16        android:debuggable="true"
17        android:icon="@mipmap/ic_launcher"
17-->src\main\AndroidManifest.xml:9:9-43
18        android:label="@string/app_name"
18-->src\main\AndroidManifest.xml:10:9-41
19        android:roundIcon="@mipmap/ic_launcher_round"
19-->src\main\AndroidManifest.xml:11:9-54
20        android:supportsRtl="true"
20-->src\main\AndroidManifest.xml:12:9-35
21        android:testOnly="true"
22        android:theme="@style/Theme.PcStore" >
22-->src\main\AndroidManifest.xml:13:9-45
23        <activity
23-->src\main\AndroidManifest.xml:14:9-17:57
24            android:name="com.example.pcstore.Popup.InfoOwnerPopup"
24-->src\main\AndroidManifest.xml:15:13-49
25            android:exported="false"
25-->src\main\AndroidManifest.xml:16:13-37
26            android:theme="@style/AppTheme.ThemePopup" />
26-->src\main\AndroidManifest.xml:17:13-55
27        <activity
27-->src\main\AndroidManifest.xml:18:9-27:20
28            android:name="com.example.pcstore.MainActivity"
28-->src\main\AndroidManifest.xml:19:13-41
29            android:exported="true"
29-->src\main\AndroidManifest.xml:20:13-36
30            android:screenOrientation="portrait" >
30-->src\main\AndroidManifest.xml:21:13-49
31            <intent-filter>
31-->src\main\AndroidManifest.xml:22:13-26:29
32                <action android:name="android.intent.action.MAIN" />
32-->src\main\AndroidManifest.xml:23:17-69
32-->src\main\AndroidManifest.xml:23:25-66
33
34                <category android:name="android.intent.category.LAUNCHER" />
34-->src\main\AndroidManifest.xml:25:17-77
34-->src\main\AndroidManifest.xml:25:27-74
35            </intent-filter>
36        </activity>
37
38        <provider
38-->[com.squareup.picasso:picasso:2.71828] AndroidManifest.xml:8:9-11:40
39            android:name="com.squareup.picasso.PicassoProvider"
39-->[com.squareup.picasso:picasso:2.71828] AndroidManifest.xml:9:13-64
40            android:authorities="com.example.pcstore.com.squareup.picasso"
40-->[com.squareup.picasso:picasso:2.71828] AndroidManifest.xml:10:13-72
41            android:exported="false" />
41-->[com.squareup.picasso:picasso:2.71828] AndroidManifest.xml:11:13-37
42        <provider
42-->[androidx.emoji2:emoji2:1.0.0] AndroidManifest.xml:26:9-34:20
43            android:name="androidx.startup.InitializationProvider"
43-->[androidx.emoji2:emoji2:1.0.0] AndroidManifest.xml:27:13-67
44            android:authorities="com.example.pcstore.androidx-startup"
44-->[androidx.emoji2:emoji2:1.0.0] AndroidManifest.xml:28:13-68
45            android:exported="false" >
45-->[androidx.emoji2:emoji2:1.0.0] AndroidManifest.xml:29:13-37
46            <meta-data
46-->[androidx.emoji2:emoji2:1.0.0] AndroidManifest.xml:31:13-33:52
47                android:name="androidx.emoji2.text.EmojiCompatInitializer"
47-->[androidx.emoji2:emoji2:1.0.0] AndroidManifest.xml:32:17-75
48                android:value="androidx.startup" />
48-->[androidx.emoji2:emoji2:1.0.0] AndroidManifest.xml:33:17-49
49            <meta-data
49-->[androidx.lifecycle:lifecycle-process:2.4.0] AndroidManifest.xml:31:13-33:52
50                android:name="androidx.lifecycle.ProcessLifecycleInitializer"
50-->[androidx.lifecycle:lifecycle-process:2.4.0] AndroidManifest.xml:32:17-78
51                android:value="androidx.startup" />
51-->[androidx.lifecycle:lifecycle-process:2.4.0] AndroidManifest.xml:33:17-49
52        </provider>
53    </application>
54
55</manifest>